TN:
SF:/Users/Leon/Development/seamless/server/source/app.js
FN:45,(anonymous_3)
FN:52,(anonymous_4)
FNF:2
FNH:0
FNDA:0,(anonymous_3)
FNDA:0,(anonymous_4)
DA:1,1
DA:3,1
DA:4,1
DA:5,1
DA:6,1
DA:8,1
DA:14,1
DA:18,1
DA:40,0
DA:41,0
DA:43,0
DA:44,0
DA:45,0
DA:46,0
DA:47,0
DA:52,0
DA:53,0
DA:54,0
LF:18
LH:8
BRDA:36,1,0,0
BRDA:36,1,1,0
BRDA:40,2,0,0
BRDA:40,2,1,0
BRDA:37,3,0,0
BRDA:37,3,1,0
BRDA:40,4,0,0
BRDA:40,4,1,0
BRDA:38,5,0,0
BRDA:38,5,1,0
BRDA:40,6,0,0
BRDA:40,6,1,0
BRDA:39,7,0,0
BRDA:39,7,1,0
BRDA:40,8,0,0
BRDA:40,8,1,0
BRF:16
BRH:0
end_of_record
TN:
SF:/Users/Leon/Development/seamless/server/source/endpoints/index.js
FNF:0
FNH:0
DA:5,1
DA:11,1
DA:17,1
DA:21,1
LF:4
LH:4
BRF:0
BRH:0
end_of_record
TN:
SF:/Users/Leon/Development/seamless/server/source/endpoints/data/index.js
FNF:0
FNH:0
DA:1,1
DA:4,1
DA:8,1
DA:11,1
DA:14,1
DA:17,1
LF:6
LH:6
BRF:0
BRH:0
end_of_record
TN:
SF:/Users/Leon/Development/seamless/server/source/endpoints/data/methods/index.js
FN:1,(anonymous_1)
FN:2,(anonymous_3)
FN:3,(anonymous_5)
FN:4,(anonymous_7)
FNF:4
FNH:4
FNDA:3,(anonymous_1)
FNDA:3,(anonymous_3)
FNDA:3,(anonymous_5)
FNDA:3,(anonymous_7)
DA:1,6
DA:2,6
DA:3,6
DA:4,6
LF:4
LH:4
BRDA:1,1,0,3
BRDA:1,1,1,2
BRDA:2,2,0,3
BRDA:2,2,1,2
BRDA:3,3,0,3
BRDA:3,3,1,2
BRDA:4,4,0,3
BRDA:4,4,1,2
BRF:8
BRH:8
end_of_record
TN:
SF:/Users/Leon/Development/seamless/server/source/endpoints/data/methods/create/index.js
FN:8,(anonymous_7)
FN:8,_callee
FN:8,_callee$
FNF:3
FNH:3
FNDA:8,(anonymous_7)
FNDA:7,_callee
FNDA:15,_callee$
DA:1,1
DA:8,131
DA:9,7
DA:12,1
DA:13,1
DA:18,1
DA:19,1
DA:24,1
DA:25,1
DA:30,3
DA:31,3
DA:37,1
DA:38,1
DA:41,0
DA:42,0
LF:15
LH:13
BRDA:8,1,0,7
BRDA:8,1,1,6
BRDA:8,1,2,5
BRDA:8,1,3,4
BRDA:8,1,4,1
BRDA:8,1,5,1
BRDA:8,1,6,0
BRDA:8,1,7,0
BRDA:8,1,8,7
BRDA:8,2,0,16
BRDA:8,2,1,6
BRDA:29,3,0,4
BRDA:29,3,1,3
BRDA:29,3,2,2
BRF:14
BRH:12
end_of_record
TN:
SF:/Users/Leon/Development/seamless/server/source/endpoints/data/methods/del/index.js
FN:3,(anonymous_7)
FN:3,_callee
FN:3,_callee$
FNF:3
FNH:3
FNDA:4,(anonymous_7)
FNDA:3,_callee
FNDA:7,_callee$
DA:1,1
DA:3,40
DA:4,3
DA:7,1
DA:8,1
DA:13,1
DA:14,1
DA:21,1
DA:22,1
DA:25,0
DA:26,0
LF:11
LH:9
BRDA:3,1,0,3
BRDA:3,1,1,2
BRDA:3,1,2,1
BRDA:3,1,3,1
BRDA:3,1,4,0
BRDA:3,1,5,0
BRDA:3,1,6,3
BRDA:3,2,0,3
BRDA:3,2,1,2
BRF:9
BRH:7
end_of_record
TN:
SF:/Users/Leon/Development/seamless/server/source/endpoints/data/methods/read/index.js
FN:3,(anonymous_7)
FN:3,_callee
FN:3,_callee$
FNF:3
FNH:1
FNDA:1,(anonymous_7)
FNDA:0,_callee
FNDA:0,_callee$
DA:1,1
DA:3,2
DA:5,0
DA:6,0
DA:9,0
DA:10,0
LF:6
LH:2
BRDA:3,1,0,0
BRDA:3,1,1,0
BRDA:3,1,2,0
BRDA:3,1,3,0
BRDA:3,1,4,0
BRF:5
BRH:0
end_of_record
TN:
SF:/Users/Leon/Development/seamless/server/source/endpoints/data/methods/update/index.js
FN:1,update
FNF:1
FNH:0
FNDA:0,update
DA:1,1
DA:2,0
DA:3,0
LF:3
LH:1
BRF:0
BRH:0
end_of_record
TN:
SF:/Users/Leon/Development/seamless/server/source/endpoints/data/models/index.js
FN:1,(anonymous_1)
FNF:1
FNH:1
FNDA:4,(anonymous_1)
DA:1,7
LF:1
LH:1
BRDA:1,1,0,3
BRDA:1,1,1,2
BRF:2
BRH:2
end_of_record
TN:
SF:/Users/Leon/Development/seamless/server/source/endpoints/data/models/packet.js
FNF:0
FNH:0
DA:1,1
DA:3,1
DA:8,1
LF:3
LH:3
BRF:0
BRH:0
end_of_record
