TN:
SF:/Users/Leon/Development/seamless/api/source/app.js
FNF:0
FNH:0
DA:1,1
DA:2,1
DA:3,1
DA:5,1
DA:11,1
DA:13,1
DA:14,0
DA:19,1
LF:8
LH:7
BRDA:13,1,0,0
BRDA:13,1,1,1
BRF:2
BRH:1
end_of_record
TN:
SF:/Users/Leon/Development/seamless/api/source/endpoints/index.js
FNF:0
FNH:0
DA:5,1
DA:11,1
DA:12,1
DA:13,1
DA:18,1
DA:22,1
LF:6
LH:6
BRF:0
BRH:0
end_of_record
TN:
SF:/Users/Leon/Development/seamless/api/source/endpoints/packet/index.js
FNF:0
FNH:0
DA:1,1
DA:2,1
DA:13,1
DA:16,1
LF:4
LH:4
BRF:0
BRH:0
end_of_record
TN:
SF:/Users/Leon/Development/seamless/api/source/endpoints/packet/methods/index.js
FN:1,(anonymous_0)
FN:2,(anonymous_2)
FN:3,(anonymous_4)
FN:4,(anonymous_6)
FNF:4
FNH:4
FNDA:3,(anonymous_0)
FNDA:3,(anonymous_2)
FNDA:3,(anonymous_4)
FNDA:3,(anonymous_6)
DA:1,6
DA:2,6
DA:3,6
DA:4,6
LF:4
LH:4
BRDA:1,1,0,3
BRDA:1,1,1,2
BRDA:2,2,0,3
BRDA:2,2,1,2
BRDA:3,3,0,3
BRDA:3,3,1,2
BRDA:4,4,0,3
BRDA:4,4,1,2
BRF:8
BRH:8
end_of_record
TN:
SF:/Users/Leon/Development/seamless/api/source/endpoints/packet/methods/create/index.js
FN:8,(anonymous_6)
FN:8,(anonymous_7)
FNF:2
FNH:1
FNDA:1,(anonymous_6)
FNDA:0,(anonymous_7)
DA:1,1
DA:8,2
DA:9,0
DA:11,0
DA:12,0
DA:13,0
DA:14,0
DA:17,0
DA:18,0
DA:19,0
DA:20,0
DA:23,0
DA:24,0
DA:25,0
DA:26,0
DA:29,0
DA:30,0
DA:31,0
DA:32,0
DA:35,0
DA:36,0
DA:37,0
DA:38,0
DA:39,0
DA:41,0
DA:42,0
DA:43,0
LF:27
LH:2
BRDA:11,1,0,0
BRDA:11,1,1,0
BRDA:17,2,0,0
BRDA:17,2,1,0
BRDA:23,3,0,0
BRDA:23,3,1,0
BRDA:29,4,0,0
BRDA:29,4,1,0
BRDA:29,5,0,0
BRDA:29,5,1,0
BRDA:29,5,2,0
BRF:11
BRH:0
end_of_record
TN:
SF:/Users/Leon/Development/seamless/api/source/endpoints/packet/methods/del/index.js
FN:3,(anonymous_6)
FN:3,(anonymous_7)
FNF:2
FNH:1
FNDA:1,(anonymous_6)
FNDA:0,(anonymous_7)
DA:1,1
DA:3,2
DA:4,0
DA:6,0
DA:7,0
DA:8,0
DA:9,0
DA:12,0
DA:13,0
DA:14,0
DA:15,0
DA:19,0
DA:20,0
DA:21,0
DA:22,0
DA:23,0
DA:25,0
DA:26,0
DA:27,0
LF:19
LH:2
BRDA:6,1,0,0
BRDA:6,1,1,0
BRDA:12,2,0,0
BRDA:12,2,1,0
BRF:4
BRH:0
end_of_record
TN:
SF:/Users/Leon/Development/seamless/api/source/endpoints/packet/methods/read/index.js
FN:3,(anonymous_6)
FN:3,(anonymous_7)
FNF:2
FNH:1
FNDA:1,(anonymous_6)
FNDA:0,(anonymous_7)
DA:1,1
DA:3,2
DA:4,0
DA:5,0
DA:6,0
DA:7,0
DA:9,0
DA:10,0
DA:11,0
LF:9
LH:2
BRF:0
BRH:0
end_of_record
TN:
SF:/Users/Leon/Development/seamless/api/source/endpoints/packet/methods/update/index.js
FN:1,(anonymous_0)
FNF:1
FNH:0
FNDA:0,(anonymous_0)
DA:1,1
DA:2,0
DA:3,0
LF:3
LH:1
BRF:0
BRH:0
end_of_record
TN:
SF:/Users/Leon/Development/seamless/api/source/endpoints/shipment/index.js
FNF:0
FNH:0
DA:1,1
DA:2,1
DA:13,1
DA:16,1
LF:4
LH:4
BRF:0
BRH:0
end_of_record
TN:
SF:/Users/Leon/Development/seamless/api/source/endpoints/shipment/methods/index.js
FN:1,(anonymous_0)
FN:2,(anonymous_2)
FN:3,(anonymous_4)
FN:4,(anonymous_6)
FNF:4
FNH:4
FNDA:3,(anonymous_0)
FNDA:3,(anonymous_2)
FNDA:3,(anonymous_4)
FNDA:3,(anonymous_6)
DA:1,6
DA:2,6
DA:3,6
DA:4,6
LF:4
LH:4
BRDA:1,1,0,3
BRDA:1,1,1,2
BRDA:2,2,0,3
BRDA:2,2,1,2
BRDA:3,3,0,3
BRDA:3,3,1,2
BRDA:4,4,0,3
BRDA:4,4,1,2
BRF:8
BRH:8
end_of_record
TN:
SF:/Users/Leon/Development/seamless/api/source/endpoints/shipment/methods/create/index.js
FN:8,(anonymous_6)
FN:8,(anonymous_7)
FNF:2
FNH:1
FNDA:1,(anonymous_6)
FNDA:0,(anonymous_7)
DA:1,1
DA:8,2
DA:9,0
DA:11,0
DA:12,0
DA:13,0
DA:14,0
DA:17,0
DA:18,0
DA:19,0
DA:20,0
DA:23,0
DA:24,0
DA:25,0
DA:26,0
DA:29,0
DA:30,0
DA:31,0
DA:32,0
DA:35,0
DA:36,0
DA:37,0
DA:38,0
DA:39,0
DA:41,0
DA:42,0
DA:43,0
LF:27
LH:2
BRDA:11,1,0,0
BRDA:11,1,1,0
BRDA:17,2,0,0
BRDA:17,2,1,0
BRDA:23,3,0,0
BRDA:23,3,1,0
BRDA:29,4,0,0
BRDA:29,4,1,0
BRDA:29,5,0,0
BRDA:29,5,1,0
BRDA:29,5,2,0
BRF:11
BRH:0
end_of_record
TN:
SF:/Users/Leon/Development/seamless/api/source/endpoints/shipment/methods/del/index.js
FN:3,(anonymous_6)
FN:3,(anonymous_7)
FNF:2
FNH:1
FNDA:1,(anonymous_6)
FNDA:0,(anonymous_7)
DA:1,1
DA:3,2
DA:4,0
DA:6,0
DA:7,0
DA:8,0
DA:9,0
DA:12,0
DA:13,0
DA:14,0
DA:15,0
DA:19,0
DA:20,0
DA:21,0
DA:22,0
DA:23,0
DA:25,0
DA:26,0
DA:27,0
LF:19
LH:2
BRDA:6,1,0,0
BRDA:6,1,1,0
BRDA:12,2,0,0
BRDA:12,2,1,0
BRF:4
BRH:0
end_of_record
TN:
SF:/Users/Leon/Development/seamless/api/source/endpoints/shipment/methods/read/index.js
FN:3,(anonymous_6)
FN:3,(anonymous_7)
FNF:2
FNH:1
FNDA:1,(anonymous_6)
FNDA:0,(anonymous_7)
DA:1,1
DA:3,2
DA:4,0
DA:5,0
DA:6,0
DA:7,0
DA:9,0
DA:10,0
DA:11,0
LF:9
LH:2
BRF:0
BRH:0
end_of_record
TN:
SF:/Users/Leon/Development/seamless/api/source/endpoints/shipment/methods/update/index.js
FN:1,(anonymous_0)
FNF:1
FNH:0
FNDA:0,(anonymous_0)
DA:1,1
DA:2,0
DA:3,0
LF:3
LH:1
BRF:0
BRH:0
end_of_record
TN:
SF:/Users/Leon/Development/seamless/api/source/endpoints/user/index.js
FNF:0
FNH:0
DA:1,1
DA:2,1
DA:13,1
DA:16,1
LF:4
LH:4
BRF:0
BRH:0
end_of_record
TN:
SF:/Users/Leon/Development/seamless/api/source/endpoints/user/methods/index.js
FN:1,(anonymous_0)
FN:2,(anonymous_2)
FN:3,(anonymous_4)
FN:4,(anonymous_6)
FNF:4
FNH:4
FNDA:3,(anonymous_0)
FNDA:3,(anonymous_2)
FNDA:3,(anonymous_4)
FNDA:3,(anonymous_6)
DA:1,6
DA:2,6
DA:3,6
DA:4,6
LF:4
LH:4
BRDA:1,1,0,3
BRDA:1,1,1,2
BRDA:2,2,0,3
BRDA:2,2,1,2
BRDA:3,3,0,3
BRDA:3,3,1,2
BRDA:4,4,0,3
BRDA:4,4,1,2
BRF:8
BRH:8
end_of_record
TN:
SF:/Users/Leon/Development/seamless/api/source/endpoints/user/methods/create/index.js
FN:8,(anonymous_6)
FN:8,(anonymous_7)
FNF:2
FNH:1
FNDA:1,(anonymous_6)
FNDA:0,(anonymous_7)
DA:1,1
DA:8,2
DA:9,0
DA:11,0
DA:12,0
DA:13,0
DA:14,0
DA:17,0
DA:18,0
DA:19,0
DA:20,0
DA:23,0
DA:24,0
DA:25,0
DA:26,0
DA:29,0
DA:30,0
DA:31,0
DA:32,0
DA:35,0
DA:36,0
DA:37,0
DA:38,0
DA:39,0
DA:41,0
DA:42,0
DA:43,0
LF:27
LH:2
BRDA:11,1,0,0
BRDA:11,1,1,0
BRDA:17,2,0,0
BRDA:17,2,1,0
BRDA:23,3,0,0
BRDA:23,3,1,0
BRDA:29,4,0,0
BRDA:29,4,1,0
BRDA:29,5,0,0
BRDA:29,5,1,0
BRDA:29,5,2,0
BRF:11
BRH:0
end_of_record
TN:
SF:/Users/Leon/Development/seamless/api/source/endpoints/user/methods/del/index.js
FN:3,(anonymous_6)
FN:3,(anonymous_7)
FNF:2
FNH:2
FNDA:2,(anonymous_6)
FNDA:1,(anonymous_7)
DA:1,1
DA:3,3
DA:4,1
DA:6,1
DA:7,0
DA:8,0
DA:9,0
DA:12,1
DA:13,0
DA:14,0
DA:15,0
DA:19,1
DA:20,1
DA:21,1
DA:22,1
DA:24,0
DA:25,0
DA:26,0
LF:18
LH:9
BRDA:6,1,0,0
BRDA:6,1,1,1
BRDA:12,2,0,0
BRDA:12,2,1,1
BRF:4
BRH:2
end_of_record
TN:
SF:/Users/Leon/Development/seamless/api/source/endpoints/user/methods/del/spec.js
FN:7,(anonymous_5)
FN:13,(anonymous_6)
FN:16,(anonymous_7)
FN:16,(anonymous_8)
FN:23,(anonymous_10)
FNF:5
FNH:5
FNDA:1,(anonymous_5)
FNDA:1,(anonymous_6)
FNDA:2,(anonymous_7)
FNDA:1,(anonymous_8)
FNDA:1,(anonymous_10)
DA:1,1
DA:2,1
DA:3,1
DA:5,1
DA:7,1
DA:8,1
DA:9,1
DA:12,1
DA:13,1
DA:16,4
DA:17,1
DA:18,1
DA:20,1
DA:23,1
DA:24,1
LF:15
LH:15
BRF:0
BRH:0
end_of_record
TN:
SF:/Users/Leon/Development/seamless/api/source/endpoints/user/methods/read/index.js
FN:3,(anonymous_6)
FN:3,(anonymous_7)
FNF:2
FNH:1
FNDA:1,(anonymous_6)
FNDA:0,(anonymous_7)
DA:1,1
DA:3,2
DA:4,0
DA:5,0
DA:6,0
DA:7,0
DA:9,0
DA:10,0
DA:11,0
LF:9
LH:2
BRF:0
BRH:0
end_of_record
TN:
SF:/Users/Leon/Development/seamless/api/source/endpoints/user/methods/update/index.js
FN:1,(anonymous_0)
FNF:1
FNH:0
FNDA:0,(anonymous_0)
DA:1,1
DA:2,0
DA:3,0
LF:3
LH:1
BRF:0
BRH:0
end_of_record
TN:
SF:/Users/Leon/Development/seamless/api/source/models/index.js
FN:1,(anonymous_0)
FNF:1
FNH:1
FNDA:2,(anonymous_0)
DA:1,5
LF:1
LH:1
BRDA:1,1,0,3
BRDA:1,1,1,2
BRF:2
BRH:2
end_of_record
TN:
SF:/Users/Leon/Development/seamless/api/source/models/packet.js
FNF:0
FNH:0
DA:1,1
DA:3,1
DA:8,1
LF:3
LH:3
BRF:0
BRH:0
end_of_record
